2025-06-25 12:48:17,465 - INFO - Loading Whisper model: base
2025-06-25 12:48:57,146 - INFO - Whisper model loaded successfully
2025-06-25 12:50:21,888 - INFO - Starting video processing: https://www.youtube.com/watch?v=5NxKNrfqUjs
2025-06-25 12:50:22,001 - INFO - Downloading video from: https://www.youtube.com/watch?v=5NxKNrfqUjs
2025-06-25 12:56:05,727 - WARNING - File size (646.7MB) exceeds limit
2025-06-25 12:56:05,728 - INFO - Downloaded video: temp\source_SIDEMEN $20,000 VS $200 HOLIDAY (EUROPE EDITION)_5NxKNrfqUjs.mp4 (646.7MB)
2025-06-25 12:56:05,728 - INFO - Extracting audio and transcribing...
2025-06-25 12:56:06,498 - ERROR - Error in transcription: AudioClip.write_audiofile() got an unexpected keyword argument 'temp_audiofile'
2025-06-25 12:56:06,498 - ERROR - Traceback (most recent call last):
  File "C:\Users\acer\Desktop\Youtube_short_generetor\YouTubeShortsAutomator.py", line 274, in extract_audio_and_transcribe
    video.audio.write_audiofile(
TypeError: AudioClip.write_audiofile() got an unexpected keyword argument 'temp_audiofile'

2025-06-25 12:56:07,010 - INFO - Creating 2 shorts from video (duration: 7981.9s)
2025-06-25 12:56:07,028 - INFO - Selected background music: eona-emotional-ambient-pop-351436.mp3
2025-06-25 12:56:25,349 - INFO - Created short video: output\short_1_20250625_125607.mp4
2025-06-25 12:56:25,745 - INFO - Selected background music: brain-implant-cyberpunk-sci-fi-trailer-action-intro-330416.mp3
2025-06-25 12:56:52,075 - INFO - Created short video: output\short_2_20250625_125625.mp4
2025-06-25 12:56:52,112 - INFO - Successfully created 2 shorts
2025-06-25 12:56:58,536 - INFO - Scheduled upload for short_1_20250625_125607.mp4 at 2025-06-26 09:00:00
2025-06-25 12:56:58,537 - INFO - Scheduled upload for short_2_20250625_125625.mp4 at 2025-06-25 15:00:00
2025-06-25 12:56:58,537 - INFO - Processing completed successfully: 2 shorts created
2025-06-25 12:56:58,635 - INFO - Cleaned up temporary files
2025-06-25 16:23:40,181 - INFO - Loading Whisper model: base
2025-06-25 16:23:41,118 - INFO - Whisper model loaded successfully
2025-06-25 16:23:41,118 - INFO - Processing: https://www.youtube.com/watch?v=0e3GPea1Tyg
2025-06-25 16:23:41,118 - INFO - Step 1: Downloading video...
2025-06-25 16:23:45,913 - INFO - Downloading video: $456,000 Squid Game In Real Life!
2025-06-25 16:24:36,839 - INFO - Downloaded: $456,000 Squid Game In Real Life! (126.6MB)
2025-06-25 16:24:36,839 - INFO - Step 2: Transcribing audio...
2025-06-25 16:24:36,840 - INFO - Extracting audio and transcribing with enhanced accuracy...
2025-06-25 16:24:37,497 - ERROR - Error in enhanced transcription: AudioClip.write_audiofile() got an unexpected keyword argument 'temp_audiofile'
2025-06-25 16:24:37,498 - ERROR - Traceback (most recent call last):
  File "C:\Users\acer\Desktop\Youtube_short_generetor\test_auth.py", line 718, in extract_audio_and_transcribe
    video.audio.write_audiofile(
TypeError: AudioClip.write_audiofile() got an unexpected keyword argument 'temp_audiofile'

2025-06-25 16:24:37,498 - INFO - Step 3: Creating AI-powered shorts...
2025-06-25 16:24:37,498 - INFO - Performing AI analysis for smart segment selection...
2025-06-25 16:24:51,941 - ERROR - Error analyzing audio energy: arrays to stack must be passed as a "sequence" type such as list or tuple.
2025-06-25 16:24:51,941 - WARNING - No engaging segments found, using traditional method
2025-06-25 16:40:01,085 - INFO - Loading Whisper model: base
2025-06-25 16:40:02,023 - INFO - Whisper model loaded successfully
2025-06-25 16:40:02,023 - INFO - Processing: https://www.youtube.com/watch?v=0e3GPea1Tyg
2025-06-25 16:40:02,023 - INFO - Step 1: Downloading video...
2025-06-25 16:40:07,638 - INFO - Downloading video: $456,000 Squid Game In Real Life!
2025-06-25 16:40:13,829 - INFO - Downloaded: $456,000 Squid Game In Real Life! (126.6MB)
2025-06-25 16:40:13,830 - INFO - Step 2: Transcribing audio...
2025-06-25 16:40:13,830 - INFO - Extracting audio and transcribing with enhanced accuracy...
2025-06-25 16:40:19,984 - INFO - Transcribing audio with advanced settings...
2025-06-25 16:40:19,993 - ERROR - Error in enhanced transcription: [WinError 2] The system cannot find the file specified
2025-06-25 16:40:19,998 - ERROR - Traceback (most recent call last):
  File "C:\Users\acer\Desktop\Youtube_short_generetor\test_auth.py", line 730, in extract_audio_and_transcribe
    result = self.whisper_model.transcribe(
             ^^^^^^^^^^^^^^^^^^^^^^^^^^^^^^
  File "C:\Users\acer\AppData\Local\Programs\Python\Python312\Lib\site-packages\whisper\transcribe.py", line 133, in transcribe
    mel = log_mel_spectrogram(audio, model.dims.n_mels, padding=N_SAMPLES)
          ^^^^^^^^^^^^^^^^^^^^^^^^^^^^^^^^^^^^^^^^^^^^^^^^^^^^^^^^^^^^^^^^
  File "C:\Users\acer\AppData\Local\Programs\Python\Python312\Lib\site-packages\whisper\audio.py", line 140, in log_mel_spectrogram
    audio = load_audio(audio)
            ^^^^^^^^^^^^^^^^^
  File "C:\Users\acer\AppData\Local\Programs\Python\Python312\Lib\site-packages\whisper\audio.py", line 58, in load_audio
    out = run(cmd, capture_output=True, check=True).stdout
          ^^^^^^^^^^^^^^^^^^^^^^^^^^^^^^^^^^^^^^^^^
  File "C:\Users\acer\AppData\Local\Programs\Python\Python312\Lib\subprocess.py", line 548, in run
    with Popen(*popenargs, **kwargs) as process:
         ^^^^^^^^^^^^^^^^^^^^^^^^^^^
  File "C:\Users\acer\AppData\Local\Programs\Python\Python312\Lib\subprocess.py", line 1026, in __init__
    self._execute_child(args, executable, preexec_fn, close_fds,
  File "C:\Users\acer\AppData\Local\Programs\Python\Python312\Lib\subprocess.py", line 1538, in _execute_child
    hp, ht, pid, tid = _winapi.CreateProcess(executable, args,
                       ^^^^^^^^^^^^^^^^^^^^^^^^^^^^^^^^^^^^^^^
FileNotFoundError: [WinError 2] The system cannot find the file specified

2025-06-25 16:40:19,998 - INFO - Step 3: Creating AI-powered shorts...
2025-06-25 16:40:19,999 - INFO - Performing AI analysis for smart segment selection...
2025-06-25 16:40:34,573 - ERROR - Error analyzing audio energy: arrays to stack must be passed as a "sequence" type such as list or tuple.
2025-06-25 16:40:34,573 - WARNING - No engaging segments found, using traditional method
2025-06-25 17:17:14,847 - INFO - Loading Whisper model: base
2025-06-25 17:17:16,104 - INFO - Whisper model loaded successfully on CUDA
2025-06-25 17:17:16,107 - INFO - Starting enhanced video processing: --url
2025-06-25 17:17:16,107 - ERROR - Error downloading video: Invalid YouTube URL
2025-06-25 17:22:02,060 - INFO - Loading Whisper model: base
2025-06-25 17:22:02,862 - INFO - Whisper model loaded successfully on CUDA
2025-06-25 17:22:02,864 - INFO - Starting enhanced video processing: --url
2025-06-25 17:22:02,864 - ERROR - Error downloading video: Invalid YouTube URL
2025-06-25 17:22:57,631 - INFO - Loading Whisper model: base
2025-06-25 17:22:58,444 - INFO - Whisper model loaded successfully on CUDA
2025-06-25 17:22:58,445 - INFO - Starting enhanced video processing: --url
2025-06-25 17:22:58,604 - INFO - Downloading video from: --url
2025-06-25 17:22:58,893 - ERROR - Error downloading video: Failed to extract video information
2025-06-25 17:25:17,091 - INFO - Loading Whisper model: base
2025-06-25 17:25:17,888 - INFO - Whisper model loaded successfully on CUDA
2025-06-25 17:25:45,952 - INFO - Starting enhanced video processing: https://www.youtube.com/watch?v=0e3
2025-06-25 17:25:46,121 - INFO - Downloading video from: https://www.youtube.com/watch?v=0e3
2025-06-25 17:25:46,373 - ERROR - Error downloading video: Failed to extract video information
2025-06-25 17:26:31,400 - INFO - Starting enhanced video processing: https://www.youtube.com/watch?v=0e3GPea1Tyg
2025-06-25 17:26:31,434 - INFO - Downloading video from: https://www.youtube.com/watch?v=0e3GPea1Tyg
2025-06-25 17:28:38,957 - INFO - Loading Whisper model: base
2025-06-25 17:28:40,257 - INFO - Whisper model loaded successfully on CUDA
2025-06-25 17:28:51,673 - INFO - Starting enhanced video processing: https://youtu.be/0e3GPea1Tyg?si=zHejgw-0KQ4PtylV
2025-06-25 17:28:51,845 - INFO - Downloading video from: https://youtu.be/0e3GPea1Tyg?si=zHejgw-0KQ4PtylV
2025-06-25 17:34:12,664 - ERROR - Error downloading video: Downloaded file not found: temp\source_$456,000 Squid Game In Real Life!_0e3GPea1Tyg.mp4
